<?xml version="1.0" encoding="UTF-8"?>
<testng-results ignored="0" total="1" passed="1" failed="0" skipped="0">
  <reporter-output>
  </reporter-output>
  <suite started-at="2022-04-19T15:24:14 ICT" name="Default suite" finished-at="2022-04-19T15:25:28 ICT" duration-ms="74100">
    <groups>
    </groups>
    <test started-at="2022-04-19T15:24:14 ICT" name="Default test" finished-at="2022-04-19T15:25:28 ICT" duration-ms="74100">
      <class name="Test_layer.logintest">
        <test-method is-config="true" signature="setup()[pri:0, instance:Test_layer.logintest@542e560f]" started-at="2022-04-19T15:24:14 ICT" name="setup" finished-at="2022-04-19T15:24:46 ICT" duration-ms="32567" status="PASS">
          <reporter-output>
          </reporter-output>
        </test-method> <!-- setup -->
        <test-method signature="loginTest(java.lang.String,java.lang.String)[pri:0, instance:Test_layer.logintest@542e560f]" started-at="2022-04-19T15:24:46 ICT" name="loginTest" data-provider="Credentials1" finished-at="2022-04-19T15:25:28 ICT" duration-ms="41310" status="PASS">
          <params>
            <param index="0">
              <value>
                <![CDATA[fiit2022@test.com]]>
              </value>
            </param>
            <param index="1">
              <value>
                <![CDATA[admin123]]>
              </value>
            </param>
          </params>
          <reporter-output>
          </reporter-output>
        </test-method> <!-- loginTest -->
        <test-method is-config="true" signature="tearDown()[pri:0, instance:Test_layer.logintest@542e560f]" started-at="2022-04-19T15:25:28 ICT" name="tearDown" finished-at="2022-04-19T15:25:28 ICT" duration-ms="186" status="PASS">
          <reporter-output>
          </reporter-output>
        </test-method> <!-- tearDown -->
      </class> <!-- Test_layer.logintest -->
    </test> <!-- Default test -->
  </suite> <!-- Default suite -->
</testng-results>
